<?xml version="1.0" encoding="UTF-8"?>
<!-- Generated by org.testng.reporters.JUnitReportReporter -->
<testsuite hostname="DESKTOP-EIC10K6" failures="0" tests="1" name="test.NotesTest" time="8.523" errors="0" timestamp="2023-12-10T18:27:21 IST" skipped="0">
  <testcase classname="test.NotesTest" name="verifyDeleteEditNote" time="8.523"/>
  <system-out/>
</testsuite> <!-- test.NotesTest -->
