<?xml version="1.0" encoding="UTF-8"?>
<!-- Generated by org.testng.reporters.JUnitReportReporter -->
<testsuite hostname="DESKTOP-EIC10K6" failures="0" tests="1" name="test.ClientTest" time="7.225" errors="0" timestamp="2023-10-24T09:41:59 IST" skipped="0">
  <testcase classname="test.ClientTest" name="verifyDeleteEditNote" time="7.225"/>
  <system-out/>
</testsuite> <!-- test.ClientTest -->
