<?xml version="1.0" encoding="UTF-8"?>
<!-- Generated by org.testng.reporters.JUnitReportReporter -->
<testsuite hostname="DESKTOP-EIC10K6" failures="0" tests="1" name="test.LoginTest" time="11.269" errors="0" timestamp="2023-11-28T10:23:13 IST" skipped="0">
  <testcase classname="test.LoginTest" name="f" time="11.269"/>
  <system-out/>
</testsuite> <!-- test.LoginTest -->
