<?xml version="1.0" encoding="UTF-8"?>
<!-- Generated by org.testng.reporters.JUnitReportReporter -->
<testsuite hostname="DESKTOP-EIC10K6" failures="0" tests="1" name="test.ProjectTest" time="14.320" errors="0" timestamp="2023-10-30T22:22:42 IST" skipped="0">
  <testcase classname="test.ProjectTest" name="verifyAddNote" time="14.320"/>
  <system-out/>
</testsuite> <!-- test.ProjectTest -->
