<?xml version="1.0" encoding="UTF-8"?>
<!-- Generated by org.testng.reporters.JUnitReportReporter -->
<testsuite hostname="DESKTOP-EIC10K6" failures="0" tests="1" name="test.LoginTest" time="0.000" errors="0" timestamp="2023-12-10T18:20:59 IST" skipped="1">
  <testcase classname="test.LoginTest" name="f" time="0.000">
    <skipped/>
  </testcase> <!-- f -->
  <system-out/>
</testsuite> <!-- test.LoginTest -->
