<?xml version="1.0" encoding="UTF-8"?>
<!-- Generated by org.testng.reporters.JUnitReportReporter -->
<testsuite hostname="DESKTOP-EIC10K6" failures="0" tests="4" name="test.ClientTest" time="41.747" errors="0" timestamp="2023-12-10T20:13:42 IST" skipped="0">
  <testcase classname="test.ClientTest" name="verifyAddNote" time="13.192"/>
  <system-out/>
  <testcase classname="test.ClientTest" name="verifySearchNote" time="8.225"/>
  <system-out/>
  <testcase classname="test.ClientTest" name="verifyEditNote" time="9.478"/>
  <system-out/>
  <testcase classname="test.ClientTest" name="verifyDeleteEditNote" time="10.852"/>
  <system-out/>
</testsuite> <!-- test.ClientTest -->
