<?xml version="1.0" encoding="UTF-8"?>
<!-- Generated by org.testng.reporters.JUnitReportReporter -->
<testsuite hostname="DESKTOP-EIC10K6" failures="0" tests="1" name="test.ProjectTest" time="10.191" errors="0" timestamp="2023-12-10T18:28:14 IST" skipped="0">
  <testcase classname="test.ProjectTest" name="verifySearchNote" time="10.191"/>
  <system-out/>
</testsuite> <!-- test.ProjectTest -->
