<?xml version="1.0" encoding="UTF-8"?>
<!-- Generated by org.testng.reporters.JUnitReportReporter -->
<testsuite hostname="DESKTOP-EIC10K6" failures="0" tests="1" name="test.NotesTest" time="75.402" errors="0" timestamp="2023-11-28T11:26:43 IST" skipped="0">
  <testcase classname="test.NotesTest" name="verifyAddNote" time="75.402"/>
  <system-out/>
</testsuite> <!-- test.NotesTest -->
